2019-02-19 14:18:22.679  INFO 2791 --- [restartedMain] eu.openreq.milla.MillaApplication        : Starting MillaApplication on lx8-500-096 with PID 2791 (/home/local/ttlaurin/Documents/OpenReq/milla/target/classes started by ttlaurin in /home/local/ttlaurin/Documents/OpenReq/milla)
2019-02-19 14:18:22.679  INFO 2791 --- [restartedMain] eu.openreq.milla.MillaApplication        : No active profile set, falling back to default profiles: default
2019-02-19 14:18:22.680  INFO 2791 --- [restartedMain] ationConfigEmbeddedWebApplicationContext : Refreshing org.springframework.boot.context.embedded.AnnotationConfigEmbeddedWebApplicationContext@5684c7ed: startup date [Tue Feb 19 14:18:22 EET 2019]; root of context hierarchy
2019-02-19 14:18:23.144  INFO 2791 --- [restartedMain] s.b.c.e.t.TomcatEmbeddedServletContainer : Tomcat initialized with port(s): 9203 (http)
2019-02-19 14:18:23.144  INFO 2791 --- [restartedMain] o.apache.catalina.core.StandardService   : Starting service [Tomcat]
2019-02-19 14:18:23.144  INFO 2791 --- [restartedMain] org.apache.catalina.core.StandardEngine  : Starting Servlet Engine: Apache Tomcat/8.5.23
2019-02-19 14:18:23.148  INFO 2791 --- [localhost-startStop-1] o.a.c.c.C.[Tomcat].[localhost].[/]       : Initializing Spring embedded WebApplicationContext
2019-02-19 14:18:23.149  INFO 2791 --- [localhost-startStop-1] o.s.web.context.ContextLoader            : Root WebApplicationContext: initialization completed in 469 ms
2019-02-19 14:18:23.170  INFO 2791 --- [localhost-startStop-1] o.s.b.w.servlet.ServletRegistrationBean  : Mapping servlet: 'dispatcherServlet' to [/]
2019-02-19 14:18:23.171  INFO 2791 --- [localhost-startStop-1] o.s.b.w.servlet.FilterRegistrationBean   : Mapping filter: 'characterEncodingFilter' to: [/*]
2019-02-19 14:18:23.171  INFO 2791 --- [localhost-startStop-1] o.s.b.w.servlet.FilterRegistrationBean   : Mapping filter: 'hiddenHttpMethodFilter' to: [/*]
2019-02-19 14:18:23.171  INFO 2791 --- [localhost-startStop-1] o.s.b.w.servlet.FilterRegistrationBean   : Mapping filter: 'httpPutFormContentFilter' to: [/*]
2019-02-19 14:18:23.171  INFO 2791 --- [localhost-startStop-1] o.s.b.w.servlet.FilterRegistrationBean   : Mapping filter: 'requestContextFilter' to: [/*]
2019-02-19 14:18:23.233  INFO 2791 --- [restartedMain] s.w.s.m.m.a.RequestMappingHandlerMapping : Mapped "{[/detectSimilarityAddReqs],methods=[POST]}" onto public org.springframework.http.ResponseEntity<?> eu.openreq.milla.controllers.DetectionController.postRequirementsToUPCSimilarityDetection(java.lang.String) throws java.io.IOException
2019-02-19 14:18:23.233  INFO 2791 --- [restartedMain] s.w.s.m.m.a.RequestMappingHandlerMapping : Mapped "{[/receiveAddReqResponse],methods=[POST]}" onto public void eu.openreq.milla.controllers.DetectionController.receiveAddReqResponse(org.springframework.web.multipart.MultipartFile) throws java.io.IOException
2019-02-19 14:18:23.233  INFO 2791 --- [restartedMain] s.w.s.m.m.a.RequestMappingHandlerMapping : Mapped "{[/detectSimilarityProject],methods=[POST]}" onto public org.springframework.http.ResponseEntity<?> eu.openreq.milla.controllers.DetectionController.postRequirementsToUPCSimilarityDetectionProject(java.lang.Boolean,java.lang.String,java.lang.String) throws java.io.IOException
2019-02-19 14:18:23.233  INFO 2791 --- [restartedMain] s.w.s.m.m.a.RequestMappingHandlerMapping : Mapped "{[/detectSimilarityReqProject],methods=[POST]}" onto public org.springframework.http.ResponseEntity<?> eu.openreq.milla.controllers.DetectionController.postRequirementsToUPCSimilarityDetectionReqProject(java.lang.Boolean,java.lang.String,java.lang.String,java.lang.String) throws java.io.IOException
2019-02-19 14:18:23.233  INFO 2791 --- [restartedMain] s.w.s.m.m.a.RequestMappingHandlerMapping : Mapped "{[/detectSimilarityReqReq],methods=[POST]}" onto public org.springframework.http.ResponseEntity<?> eu.openreq.milla.controllers.DetectionController.postRequirementsToUPCSimilarityDetectionReqReq(java.lang.Boolean,java.lang.String,java.lang.String) throws java.io.IOException
2019-02-19 14:18:23.233  INFO 2791 --- [restartedMain] s.w.s.m.m.a.RequestMappingHandlerMapping : Mapped "{[/receiveSimilarities],methods=[POST]}" onto public void eu.openreq.milla.controllers.DetectionController.addDependenciesToMallikas(org.springframework.web.multipart.MultipartFile) throws java.io.IOException
2019-02-19 14:18:23.235  INFO 2791 --- [restartedMain] s.w.s.m.m.a.RequestMappingHandlerMapping : Mapped "{[/sendProjectToMulperi],methods=[POST]}" onto public org.springframework.http.ResponseEntity<?> eu.openreq.milla.controllers.MillaController.sendProjectToMulperi(java.lang.String) throws java.io.IOException
2019-02-19 14:18:23.235  INFO 2791 --- [restartedMain] s.w.s.m.m.a.RequestMappingHandlerMapping : Mapped "{[/requirements],methods=[POST]}" onto private org.springframework.http.ResponseEntity<?> eu.openreq.milla.controllers.MillaController.postRequirementsToMallikas(java.util.Collection<eu.openreq.milla.models.json.Requirement>) throws java.io.IOException
2019-02-19 14:18:23.236  INFO 2791 --- [restartedMain] s.w.s.m.m.a.RequestMappingHandlerMapping : Mapped "{[/project],methods=[POST]}" onto private org.springframework.http.ResponseEntity<?> eu.openreq.milla.controllers.MillaController.postProjectToMallikas(eu.openreq.milla.models.json.Project) throws java.io.IOException
2019-02-19 14:18:23.236  INFO 2791 --- [restartedMain] s.w.s.m.m.a.RequestMappingHandlerMapping : Mapped "{[/updateDependencies],methods=[POST]}" onto public org.springframework.http.ResponseEntity<?> eu.openreq.milla.controllers.MillaController.postUpdatedDependenciesToMallikas(java.lang.String) throws java.io.IOException
2019-02-19 14:18:23.236  INFO 2791 --- [restartedMain] s.w.s.m.m.a.RequestMappingHandlerMapping : Mapped "{[/updateRequirements],methods=[POST]}" onto public org.springframework.http.ResponseEntity<?> eu.openreq.milla.controllers.MillaController.postUpdatedRequirementsToMallikas(java.lang.String) throws java.io.IOException
2019-02-19 14:18:23.236  INFO 2791 --- [restartedMain] s.w.s.m.m.a.RequestMappingHandlerMapping : Mapped "{[/requirementsInProject],methods=[POST]}" onto public org.springframework.http.ResponseEntity<?> eu.openreq.milla.controllers.MillaController.getRequirementsInProject(java.lang.String) throws java.io.IOException
2019-02-19 14:18:23.236  INFO 2791 --- [restartedMain] s.w.s.m.m.a.RequestMappingHandlerMapping : Mapped "{[/requirementsWithIds],methods=[POST]}" onto public org.springframework.http.ResponseEntity<?> eu.openreq.milla.controllers.MillaController.getRequirementsWithIds(java.util.Collection<java.lang.String>) throws java.io.IOException
2019-02-19 14:18:23.237  INFO 2791 --- [restartedMain] s.w.s.m.m.a.RequestMappingHandlerMapping : Mapped "{[/requirementsSinceDate],methods=[POST]}" onto public org.springframework.http.ResponseEntity<?> eu.openreq.milla.controllers.MillaController.getRequirementsSinceDate(java.util.Date) throws java.io.IOException
2019-02-19 14:18:23.237  INFO 2791 --- [restartedMain] s.w.s.m.m.a.RequestMappingHandlerMapping : Mapped "{[/requirementsWithTypeAndStatus],methods=[POST]}" onto public org.springframework.http.ResponseEntity<?> eu.openreq.milla.controllers.MillaController.getRequirementsWithTypeAndStatus(java.lang.String,java.lang.String) throws java.io.IOException
2019-02-19 14:18:23.237  INFO 2791 --- [restartedMain] s.w.s.m.m.a.RequestMappingHandlerMapping : Mapped "{[/requirementsWithResolution],methods=[POST]}" onto public org.springframework.http.ResponseEntity<?> eu.openreq.milla.controllers.MillaController.getRequirementsWithResolution(java.lang.String) throws java.io.IOException
2019-02-19 14:18:23.237  INFO 2791 --- [restartedMain] s.w.s.m.m.a.RequestMappingHandlerMapping : Mapped "{[/requirementsWithDependencyType],methods=[POST]}" onto public org.springframework.http.ResponseEntity<?> eu.openreq.milla.controllers.MillaController.getRequirementsWithDependencyType(java.lang.String) throws java.io.IOException
2019-02-19 14:18:23.237  INFO 2791 --- [restartedMain] s.w.s.m.m.a.RequestMappingHandlerMapping : Mapped "{[/requirementsByParams],methods=[POST]}" onto public org.springframework.http.ResponseEntity<?> eu.openreq.milla.controllers.MillaController.getRequirementsByVariousParams(eu.openreq.milla.models.json.RequestParams) throws java.io.IOException
2019-02-19 14:18:23.237  INFO 2791 --- [restartedMain] s.w.s.m.m.a.RequestMappingHandlerMapping : Mapped "{[/requirementAndDependents],methods=[POST]}" onto public org.springframework.http.ResponseEntity<?> eu.openreq.milla.controllers.MillaController.getOneRequirementAndDependents(java.lang.String) throws java.io.IOException
2019-02-19 14:18:23.237  INFO 2791 --- [restartedMain] s.w.s.m.m.a.RequestMappingHandlerMapping : Mapped "{[/qtjira],methods=[POST]}" onto public org.springframework.http.ResponseEntity<?> eu.openreq.milla.controllers.MillaController.importFromQtJira(java.lang.String) throws java.io.IOException
2019-02-19 14:18:23.238  INFO 2791 --- [restartedMain] s.w.s.m.m.a.RequestMappingHandlerMapping : Mapped "{[/allRequirements],methods=[GET]}" onto public org.springframework.http.ResponseEntity<?> eu.openreq.milla.controllers.MillaController.getAllRequirements() throws java.io.IOException
2019-02-19 14:18:23.238  INFO 2791 --- [restartedMain] s.w.s.m.m.a.RequestMappingHandlerMapping : Mapped "{[/qtjiraUpdated],methods=[POST]}" onto public org.springframework.http.ResponseEntity<?> eu.openreq.milla.controllers.MillaController.importUpdatedFromQtJira(java.lang.String) throws java.io.IOException
2019-02-19 14:18:23.238  INFO 2791 --- [restartedMain] s.w.s.m.m.a.RequestMappingHandlerMapping : Mapped "{[/dependencies],methods=[POST]}" onto public org.springframework.http.ResponseEntity<?> eu.openreq.milla.controllers.MillaController.postDependenciesToMallikas(java.util.Collection<eu.openreq.milla.models.json.Dependency>) throws java.io.IOException
2019-02-19 14:18:23.238  INFO 2791 --- [restartedMain] s.w.s.m.m.a.RequestMappingHandlerMapping : Mapped "{[/data],methods=[POST]}" onto private org.springframework.http.ResponseEntity<?> eu.openreq.milla.controllers.MillaController.postToMulperi(java.lang.String) throws java.io.IOException
2019-02-19 14:18:23.239  INFO 2791 --- [restartedMain] s.w.s.m.m.a.RequestMappingHandlerMapping : Mapped "{[/updateProject],methods=[POST]}" onto public org.springframework.http.ResponseEntity<?> eu.openreq.milla.controllers.QtController.updateWholeProject(java.lang.String) throws java.io.IOException
2019-02-19 14:18:23.239  INFO 2791 --- [restartedMain] s.w.s.m.m.a.RequestMappingHandlerMapping : Mapped "{[/updateRecentInProject],methods=[POST]}" onto public org.springframework.http.ResponseEntity<?> eu.openreq.milla.controllers.QtController.updateTheMostRecentIssuesInProject(java.lang.String) throws java.io.IOException
2019-02-19 14:18:23.239  INFO 2791 --- [restartedMain] s.w.s.m.m.a.RequestMappingHandlerMapping : Mapped "{[/getTransitiveClosureOfARequirement],methods=[POST]}" onto public org.springframework.http.ResponseEntity<?> eu.openreq.milla.controllers.QtController.getTransitiveClosureOfRequirement(java.lang.String) throws java.io.IOException
2019-02-19 14:18:23.239  INFO 2791 --- [restartedMain] s.w.s.m.m.a.RequestMappingHandlerMapping : Mapped "{[/example/gui],methods=[GET]}" onto public java.lang.String eu.openreq.milla.controllers.TestingController.exampleGUI(org.springframework.ui.Model)
2019-02-19 14:18:23.240  INFO 2791 --- [restartedMain] s.w.s.m.m.a.RequestMappingHandlerMapping : Mapped "{[/swagger-resources]}" onto public org.springframework.http.ResponseEntity<java.util.List<springfox.documentation.swagger.web.SwaggerResource>> springfox.documentation.swagger.web.ApiResourceController.swaggerResources()
2019-02-19 14:18:23.241  INFO 2791 --- [restartedMain] s.w.s.m.m.a.RequestMappingHandlerMapping : Mapped "{[/swagger-resources/configuration/ui]}" onto public org.springframework.http.ResponseEntity<springfox.documentation.swagger.web.UiConfiguration> springfox.documentation.swagger.web.ApiResourceController.uiConfiguration()
2019-02-19 14:18:23.241  INFO 2791 --- [restartedMain] s.w.s.m.m.a.RequestMappingHandlerMapping : Mapped "{[/swagger-resources/configuration/security]}" onto public org.springframework.http.ResponseEntity<springfox.documentation.swagger.web.SecurityConfiguration> springfox.documentation.swagger.web.ApiResourceController.securityConfiguration()
2019-02-19 14:18:23.242  INFO 2791 --- [restartedMain] s.w.s.m.m.a.RequestMappingHandlerMapping : Mapped "{[/error],produces=[text/html]}" onto public org.springframework.web.servlet.ModelAndView org.springframework.boot.autoconfigure.web.BasicErrorController.errorHtml(javax.servlet.http.HttpServletRequest,javax.servlet.http.HttpServletResponse)
2019-02-19 14:18:23.242  INFO 2791 --- [restartedMain] s.w.s.m.m.a.RequestMappingHandlerMapping : Mapped "{[/error]}" onto public org.springframework.http.ResponseEntity<java.util.Map<java.lang.String, java.lang.Object>> org.springframework.boot.autoconfigure.web.BasicErrorController.error(javax.servlet.http.HttpServletRequest)
2019-02-19 14:18:23.257  INFO 2791 --- [restartedMain] pertySourcedRequestMappingHandlerMapping : Mapped URL path [/v2/api-docs] onto method [public org.springframework.http.ResponseEntity<springfox.documentation.spring.web.json.Json> springfox.documentation.swagger2.web.Swagger2Controller.getDocumentation(java.lang.String,javax.servlet.http.HttpServletRequest)]
2019-02-19 14:18:23.296  INFO 2791 --- [restartedMain] s.w.s.m.m.a.RequestMappingHandlerAdapter : Looking for @ControllerAdvice: org.springframework.boot.context.embedded.AnnotationConfigEmbeddedWebApplicationContext@5684c7ed: startup date [Tue Feb 19 14:18:22 EET 2019]; root of context hierarchy
2019-02-19 14:18:23.306  INFO 2791 --- [restartedMain] o.s.w.s.handler.SimpleUrlHandlerMapping  : Mapped URL path [/webjars/**] onto handler of type [class org.springframework.web.servlet.resource.ResourceHttpRequestHandler]
2019-02-19 14:18:23.306  INFO 2791 --- [restartedMain] o.s.w.s.handler.SimpleUrlHandlerMapping  : Mapped URL path [/**] onto handler of type [class org.springframework.web.servlet.resource.ResourceHttpRequestHandler]
2019-02-19 14:18:23.319  INFO 2791 --- [restartedMain] o.s.w.s.handler.SimpleUrlHandlerMapping  : Mapped URL path [/**/favicon.ico] onto handler of type [class org.springframework.web.servlet.resource.ResourceHttpRequestHandler]
2019-02-19 14:18:23.356  WARN 2791 --- [restartedMain] o.s.b.d.a.OptionalLiveReloadServer       : Unable to start LiveReload server
2019-02-19 14:18:23.413  INFO 2791 --- [restartedMain] o.s.j.e.a.AnnotationMBeanExporter        : Registering beans for JMX exposure on startup
2019-02-19 14:18:23.417  INFO 2791 --- [restartedMain] o.s.c.support.DefaultLifecycleProcessor  : Starting beans in phase 2147483647
2019-02-19 14:18:23.417  INFO 2791 --- [restartedMain] d.s.w.p.DocumentationPluginsBootstrapper : Context refreshed
2019-02-19 14:18:23.418  INFO 2791 --- [restartedMain] d.s.w.p.DocumentationPluginsBootstrapper : Found 1 custom documentation plugin(s)
2019-02-19 14:18:23.424  INFO 2791 --- [restartedMain] s.d.s.w.s.ApiListingReferenceScanner     : Scanning for api listing references
2019-02-19 14:18:23.642  INFO 2791 --- [restartedMain] s.b.c.e.t.TomcatEmbeddedServletContainer : Tomcat started on port(s): 9203 (http)
2019-02-19 14:18:23.644  INFO 2791 --- [restartedMain] eu.openreq.milla.MillaApplication        : Started MillaApplication in 0.984 seconds (JVM running for 869.823)
2019-02-19 14:20:01.352  INFO 2791 --- [Thread-112] ationConfigEmbeddedWebApplicationContext : Closing org.springframework.boot.context.embedded.AnnotationConfigEmbeddedWebApplicationContext@5684c7ed: startup date [Tue Feb 19 14:18:22 EET 2019]; root of context hierarchy
2019-02-19 14:20:01.353  INFO 2791 --- [Thread-112] o.s.c.support.DefaultLifecycleProcessor  : Stopping beans in phase 2147483647
2019-02-19 14:20:01.353  INFO 2791 --- [Thread-112] o.s.j.e.a.AnnotationMBeanExporter        : Unregistering JMX-exposed beans on shutdown
2019-02-19 14:20:01.570  INFO 2791 --- [restartedMain] eu.openreq.milla.MillaApplication        : Starting MillaApplication on lx8-500-096 with PID 2791 (/home/local/ttlaurin/Documents/OpenReq/milla/target/classes started by ttlaurin in /home/local/ttlaurin/Documents/OpenReq/milla)
2019-02-19 14:20:01.571  INFO 2791 --- [restartedMain] eu.openreq.milla.MillaApplication        : No active profile set, falling back to default profiles: default
2019-02-19 14:20:01.573  INFO 2791 --- [restartedMain] ationConfigEmbeddedWebApplicationContext : Refreshing org.springframework.boot.context.embedded.AnnotationConfigEmbeddedWebApplicationContext@14dcfe29: startup date [Tue Feb 19 14:20:01 EET 2019]; root of context hierarchy
2019-02-19 14:20:02.058  INFO 2791 --- [restartedMain] s.b.c.e.t.TomcatEmbeddedServletContainer : Tomcat initialized with port(s): 9203 (http)
2019-02-19 14:20:02.058  INFO 2791 --- [restartedMain] o.apache.catalina.core.StandardService   : Starting service [Tomcat]
2019-02-19 14:20:02.058  INFO 2791 --- [restartedMain] org.apache.catalina.core.StandardEngine  : Starting Servlet Engine: Apache Tomcat/8.5.23
2019-02-19 14:20:02.062  INFO 2791 --- [localhost-startStop-1] o.a.c.c.C.[Tomcat].[localhost].[/]       : Initializing Spring embedded WebApplicationContext
2019-02-19 14:20:02.062  INFO 2791 --- [localhost-startStop-1] o.s.web.context.ContextLoader            : Root WebApplicationContext: initialization completed in 490 ms
2019-02-19 14:20:02.083  INFO 2791 --- [localhost-startStop-1] o.s.b.w.servlet.ServletRegistrationBean  : Mapping servlet: 'dispatcherServlet' to [/]
2019-02-19 14:20:02.083  INFO 2791 --- [localhost-startStop-1] o.s.b.w.servlet.FilterRegistrationBean   : Mapping filter: 'characterEncodingFilter' to: [/*]
2019-02-19 14:20:02.083  INFO 2791 --- [localhost-startStop-1] o.s.b.w.servlet.FilterRegistrationBean   : Mapping filter: 'hiddenHttpMethodFilter' to: [/*]
2019-02-19 14:20:02.083  INFO 2791 --- [localhost-startStop-1] o.s.b.w.servlet.FilterRegistrationBean   : Mapping filter: 'httpPutFormContentFilter' to: [/*]
2019-02-19 14:20:02.083  INFO 2791 --- [localhost-startStop-1] o.s.b.w.servlet.FilterRegistrationBean   : Mapping filter: 'requestContextFilter' to: [/*]
2019-02-19 14:20:02.145  INFO 2791 --- [restartedMain] s.w.s.m.m.a.RequestMappingHandlerMapping : Mapped "{[/detectSimilarityAddReqs],methods=[POST]}" onto public org.springframework.http.ResponseEntity<?> eu.openreq.milla.controllers.DetectionController.postRequirementsToUPCSimilarityDetection(java.lang.String) throws java.io.IOException
2019-02-19 14:20:02.145  INFO 2791 --- [restartedMain] s.w.s.m.m.a.RequestMappingHandlerMapping : Mapped "{[/receiveAddReqResponse],methods=[POST]}" onto public void eu.openreq.milla.controllers.DetectionController.receiveAddReqResponse(org.springframework.web.multipart.MultipartFile) throws java.io.IOException
2019-02-19 14:20:02.145  INFO 2791 --- [restartedMain] s.w.s.m.m.a.RequestMappingHandlerMapping : Mapped "{[/detectSimilarityProject],methods=[POST]}" onto public org.springframework.http.ResponseEntity<?> eu.openreq.milla.controllers.DetectionController.postRequirementsToUPCSimilarityDetectionProject(java.lang.Boolean,java.lang.String,java.lang.String) throws java.io.IOException
2019-02-19 14:20:02.145  INFO 2791 --- [restartedMain] s.w.s.m.m.a.RequestMappingHandlerMapping : Mapped "{[/detectSimilarityReqProject],methods=[POST]}" onto public org.springframework.http.ResponseEntity<?> eu.openreq.milla.controllers.DetectionController.postRequirementsToUPCSimilarityDetectionReqProject(java.lang.Boolean,java.lang.String,java.lang.String,java.lang.String) throws java.io.IOException
2019-02-19 14:20:02.145  INFO 2791 --- [restartedMain] s.w.s.m.m.a.RequestMappingHandlerMapping : Mapped "{[/detectSimilarityReqReq],methods=[POST]}" onto public org.springframework.http.ResponseEntity<?> eu.openreq.milla.controllers.DetectionController.postRequirementsToUPCSimilarityDetectionReqReq(java.lang.Boolean,java.lang.String,java.lang.String) throws java.io.IOException
2019-02-19 14:20:02.145  INFO 2791 --- [restartedMain] s.w.s.m.m.a.RequestMappingHandlerMapping : Mapped "{[/receiveSimilarities],methods=[POST]}" onto public void eu.openreq.milla.controllers.DetectionController.addDependenciesToMallikas(org.springframework.web.multipart.MultipartFile) throws java.io.IOException
2019-02-19 14:20:02.147  INFO 2791 --- [restartedMain] s.w.s.m.m.a.RequestMappingHandlerMapping : Mapped "{[/sendProjectToMulperi],methods=[POST]}" onto public org.springframework.http.ResponseEntity<?> eu.openreq.milla.controllers.MillaController.sendProjectToMulperi(java.lang.String) throws java.io.IOException
2019-02-19 14:20:02.147  INFO 2791 --- [restartedMain] s.w.s.m.m.a.RequestMappingHandlerMapping : Mapped "{[/requirements],methods=[POST]}" onto private org.springframework.http.ResponseEntity<?> eu.openreq.milla.controllers.MillaController.postRequirementsToMallikas(java.util.Collection<eu.openreq.milla.models.json.Requirement>) throws java.io.IOException
2019-02-19 14:20:02.147  INFO 2791 --- [restartedMain] s.w.s.m.m.a.RequestMappingHandlerMapping : Mapped "{[/project],methods=[POST]}" onto private org.springframework.http.ResponseEntity<?> eu.openreq.milla.controllers.MillaController.postProjectToMallikas(eu.openreq.milla.models.json.Project) throws java.io.IOException
2019-02-19 14:20:02.148  INFO 2791 --- [restartedMain] s.w.s.m.m.a.RequestMappingHandlerMapping : Mapped "{[/updateDependencies],methods=[POST]}" onto public org.springframework.http.ResponseEntity<?> eu.openreq.milla.controllers.MillaController.postUpdatedDependenciesToMallikas(java.lang.String) throws java.io.IOException
2019-02-19 14:20:02.148  INFO 2791 --- [restartedMain] s.w.s.m.m.a.RequestMappingHandlerMapping : Mapped "{[/updateRequirements],methods=[POST]}" onto public org.springframework.http.ResponseEntity<?> eu.openreq.milla.controllers.MillaController.postUpdatedRequirementsToMallikas(java.lang.String) throws java.io.IOException
2019-02-19 14:20:02.148  INFO 2791 --- [restartedMain] s.w.s.m.m.a.RequestMappingHandlerMapping : Mapped "{[/requirementsInProject],methods=[POST]}" onto public org.springframework.http.ResponseEntity<?> eu.openreq.milla.controllers.MillaController.getRequirementsInProject(java.lang.String) throws java.io.IOException
2019-02-19 14:20:02.148  INFO 2791 --- [restartedMain] s.w.s.m.m.a.RequestMappingHandlerMapping : Mapped "{[/requirementsWithIds],methods=[POST]}" onto public org.springframework.http.ResponseEntity<?> eu.openreq.milla.controllers.MillaController.getRequirementsWithIds(java.util.Collection<java.lang.String>) throws java.io.IOException
2019-02-19 14:20:02.148  INFO 2791 --- [restartedMain] s.w.s.m.m.a.RequestMappingHandlerMapping : Mapped "{[/requirementsSinceDate],methods=[POST]}" onto public org.springframework.http.ResponseEntity<?> eu.openreq.milla.controllers.MillaController.getRequirementsSinceDate(java.util.Date) throws java.io.IOException
2019-02-19 14:20:02.148  INFO 2791 --- [restartedMain] s.w.s.m.m.a.RequestMappingHandlerMapping : Mapped "{[/requirementsWithTypeAndStatus],methods=[POST]}" onto public org.springframework.http.ResponseEntity<?> eu.openreq.milla.controllers.MillaController.getRequirementsWithTypeAndStatus(java.lang.String,java.lang.String) throws java.io.IOException
2019-02-19 14:20:02.149  INFO 2791 --- [restartedMain] s.w.s.m.m.a.RequestMappingHandlerMapping : Mapped "{[/requirementsWithResolution],methods=[POST]}" onto public org.springframework.http.ResponseEntity<?> eu.openreq.milla.controllers.MillaController.getRequirementsWithResolution(java.lang.String) throws java.io.IOException
2019-02-19 14:20:02.149  INFO 2791 --- [restartedMain] s.w.s.m.m.a.RequestMappingHandlerMapping : Mapped "{[/requirementsWithDependencyType],methods=[POST]}" onto public org.springframework.http.ResponseEntity<?> eu.openreq.milla.controllers.MillaController.getRequirementsWithDependencyType(java.lang.String) throws java.io.IOException
2019-02-19 14:20:02.149  INFO 2791 --- [restartedMain] s.w.s.m.m.a.RequestMappingHandlerMapping : Mapped "{[/requirementsByParams],methods=[POST]}" onto public org.springframework.http.ResponseEntity<?> eu.openreq.milla.controllers.MillaController.getRequirementsByVariousParams(eu.openreq.milla.models.json.RequestParams) throws java.io.IOException
2019-02-19 14:20:02.149  INFO 2791 --- [restartedMain] s.w.s.m.m.a.RequestMappingHandlerMapping : Mapped "{[/requirementAndDependents],methods=[POST]}" onto public org.springframework.http.ResponseEntity<?> eu.openreq.milla.controllers.MillaController.getOneRequirementAndDependents(java.lang.String) throws java.io.IOException
2019-02-19 14:20:02.149  INFO 2791 --- [restartedMain] s.w.s.m.m.a.RequestMappingHandlerMapping : Mapped "{[/qtjira],methods=[POST]}" onto public org.springframework.http.ResponseEntity<?> eu.openreq.milla.controllers.MillaController.importFromQtJira(java.lang.String) throws java.io.IOException
2019-02-19 14:20:02.149  INFO 2791 --- [restartedMain] s.w.s.m.m.a.RequestMappingHandlerMapping : Mapped "{[/allRequirements],methods=[GET]}" onto public org.springframework.http.ResponseEntity<?> eu.openreq.milla.controllers.MillaController.getAllRequirements() throws java.io.IOException
2019-02-19 14:20:02.150  INFO 2791 --- [restartedMain] s.w.s.m.m.a.RequestMappingHandlerMapping : Mapped "{[/qtjiraUpdated],methods=[POST]}" onto public org.springframework.http.ResponseEntity<?> eu.openreq.milla.controllers.MillaController.importUpdatedFromQtJira(java.lang.String) throws java.io.IOException
2019-02-19 14:20:02.150  INFO 2791 --- [restartedMain] s.w.s.m.m.a.RequestMappingHandlerMapping : Mapped "{[/dependencies],methods=[POST]}" onto public org.springframework.http.ResponseEntity<?> eu.openreq.milla.controllers.MillaController.postDependenciesToMallikas(java.util.Collection<eu.openreq.milla.models.json.Dependency>) throws java.io.IOException
2019-02-19 14:20:02.150  INFO 2791 --- [restartedMain] s.w.s.m.m.a.RequestMappingHandlerMapping : Mapped "{[/data],methods=[POST]}" onto private org.springframework.http.ResponseEntity<?> eu.openreq.milla.controllers.MillaController.postToMulperi(java.lang.String) throws java.io.IOException
2019-02-19 14:20:02.150  INFO 2791 --- [restartedMain] s.w.s.m.m.a.RequestMappingHandlerMapping : Mapped "{[/updateProject],methods=[POST]}" onto public org.springframework.http.ResponseEntity<?> eu.openreq.milla.controllers.QtController.updateWholeProject(java.lang.String) throws java.io.IOException
2019-02-19 14:20:02.151  INFO 2791 --- [restartedMain] s.w.s.m.m.a.RequestMappingHandlerMapping : Mapped "{[/updateRecentInProject],methods=[POST]}" onto public org.springframework.http.ResponseEntity<?> eu.openreq.milla.controllers.QtController.updateTheMostRecentIssuesInProject(java.lang.String) throws java.io.IOException
2019-02-19 14:20:02.151  INFO 2791 --- [restartedMain] s.w.s.m.m.a.RequestMappingHandlerMapping : Mapped "{[/getTransitiveClosureOfARequirement],methods=[POST]}" onto public org.springframework.http.ResponseEntity<?> eu.openreq.milla.controllers.QtController.getTransitiveClosureOfRequirement(java.lang.String) throws java.io.IOException
2019-02-19 14:20:02.151  INFO 2791 --- [restartedMain] s.w.s.m.m.a.RequestMappingHandlerMapping : Mapped "{[/example/gui],methods=[GET]}" onto public java.lang.String eu.openreq.milla.controllers.TestingController.exampleGUI(org.springframework.ui.Model)
2019-02-19 14:20:02.152  INFO 2791 --- [restartedMain] s.w.s.m.m.a.RequestMappingHandlerMapping : Mapped "{[/swagger-resources]}" onto public org.springframework.http.ResponseEntity<java.util.List<springfox.documentation.swagger.web.SwaggerResource>> springfox.documentation.swagger.web.ApiResourceController.swaggerResources()
2019-02-19 14:20:02.152  INFO 2791 --- [restartedMain] s.w.s.m.m.a.RequestMappingHandlerMapping : Mapped "{[/swagger-resources/configuration/ui]}" onto public org.springframework.http.ResponseEntity<springfox.documentation.swagger.web.UiConfiguration> springfox.documentation.swagger.web.ApiResourceController.uiConfiguration()
2019-02-19 14:20:02.152  INFO 2791 --- [restartedMain] s.w.s.m.m.a.RequestMappingHandlerMapping : Mapped "{[/swagger-resources/configuration/security]}" onto public org.springframework.http.ResponseEntity<springfox.documentation.swagger.web.SecurityConfiguration> springfox.documentation.swagger.web.ApiResourceController.securityConfiguration()
2019-02-19 14:20:02.153  INFO 2791 --- [restartedMain] s.w.s.m.m.a.RequestMappingHandlerMapping : Mapped "{[/error],produces=[text/html]}" onto public org.springframework.web.servlet.ModelAndView org.springframework.boot.autoconfigure.web.BasicErrorController.errorHtml(javax.servlet.http.HttpServletRequest,javax.servlet.http.HttpServletResponse)
2019-02-19 14:20:02.154  INFO 2791 --- [restartedMain] s.w.s.m.m.a.RequestMappingHandlerMapping : Mapped "{[/error]}" onto public org.springframework.http.ResponseEntity<java.util.Map<java.lang.String, java.lang.Object>> org.springframework.boot.autoconfigure.web.BasicErrorController.error(javax.servlet.http.HttpServletRequest)
2019-02-19 14:20:02.169  INFO 2791 --- [restartedMain] pertySourcedRequestMappingHandlerMapping : Mapped URL path [/v2/api-docs] onto method [public org.springframework.http.ResponseEntity<springfox.documentation.spring.web.json.Json> springfox.documentation.swagger2.web.Swagger2Controller.getDocumentation(java.lang.String,javax.servlet.http.HttpServletRequest)]
2019-02-19 14:20:02.206  INFO 2791 --- [restartedMain] s.w.s.m.m.a.RequestMappingHandlerAdapter : Looking for @ControllerAdvice: org.springframework.boot.context.embedded.AnnotationConfigEmbeddedWebApplicationContext@14dcfe29: startup date [Tue Feb 19 14:20:01 EET 2019]; root of context hierarchy
2019-02-19 14:20:02.213  INFO 2791 --- [restartedMain] o.s.w.s.handler.SimpleUrlHandlerMapping  : Mapped URL path [/webjars/**] onto handler of type [class org.springframework.web.servlet.resource.ResourceHttpRequestHandler]
2019-02-19 14:20:02.213  INFO 2791 --- [restartedMain] o.s.w.s.handler.SimpleUrlHandlerMapping  : Mapped URL path [/**] onto handler of type [class org.springframework.web.servlet.resource.ResourceHttpRequestHandler]
2019-02-19 14:20:02.222  INFO 2791 --- [restartedMain] o.s.w.s.handler.SimpleUrlHandlerMapping  : Mapped URL path [/**/favicon.ico] onto handler of type [class org.springframework.web.servlet.resource.ResourceHttpRequestHandler]
2019-02-19 14:20:02.245  WARN 2791 --- [restartedMain] o.s.b.d.a.OptionalLiveReloadServer       : Unable to start LiveReload server
2019-02-19 14:20:02.276  INFO 2791 --- [restartedMain] o.s.j.e.a.AnnotationMBeanExporter        : Registering beans for JMX exposure on startup
2019-02-19 14:20:02.278  INFO 2791 --- [restartedMain] o.s.c.support.DefaultLifecycleProcessor  : Starting beans in phase 2147483647
2019-02-19 14:20:02.278  INFO 2791 --- [restartedMain] d.s.w.p.DocumentationPluginsBootstrapper : Context refreshed
2019-02-19 14:20:02.279  INFO 2791 --- [restartedMain] d.s.w.p.DocumentationPluginsBootstrapper : Found 1 custom documentation plugin(s)
2019-02-19 14:20:02.284  INFO 2791 --- [restartedMain] s.d.s.w.s.ApiListingReferenceScanner     : Scanning for api listing references
2019-02-19 14:20:02.481  INFO 2791 --- [restartedMain] s.b.c.e.t.TomcatEmbeddedServletContainer : Tomcat started on port(s): 9203 (http)
2019-02-19 14:20:02.483  INFO 2791 --- [restartedMain] eu.openreq.milla.MillaApplication        : Started MillaApplication in 0.931 seconds (JVM running for 968.662)
2019-02-19 14:20:22.172  INFO 2791 --- [http-nio-9203-exec-1] o.a.c.c.C.[Tomcat].[localhost].[/]       : Initializing Spring FrameworkServlet 'dispatcherServlet'
2019-02-19 14:20:22.173  INFO 2791 --- [http-nio-9203-exec-1] o.s.web.servlet.DispatcherServlet        : FrameworkServlet 'dispatcherServlet': initialization started
2019-02-19 14:20:22.178  INFO 2791 --- [http-nio-9203-exec-1] o.s.web.servlet.DispatcherServlet        : FrameworkServlet 'dispatcherServlet': initialization completed in 5 ms
